{"C:\\react\\product_form_redux_typescript\\my-app\\src\\App.tsx": {"path":"C:\\react\\product_form_redux_typescript\\my-app\\src\\App.tsx","statementMap":{"0":{"start":{"line":13,"column":2},"end":{"line":23,"column":4}}},"fnMap":{"0":{"name":"App","decl":{"start":{"line":12,"column":9},"end":{"line":12,"column":12}},"loc":{"start":{"line":12,"column":15},"end":{"line":24,"column":1}},"line":12}},"branchMap":{},"s":{"0":0},"f":{"0":0},"b":{}}
,"C:\\react\\product_form_redux_typescript\\my-app\\src\\index.tsx": {"path":"C:\\react\\product_form_redux_typescript\\my-app\\src\\index.tsx","statementMap":{"0":{"start":{"line":10,"column":0},"end":{"line":15,"column":2}},"1":{"start":{"line":20,"column":0},"end":{"line":20,"column":18}}},"fnMap":{},"branchMap":{},"s":{"0":0,"1":0},"f":{},"b":{}}
,"C:\\react\\product_form_redux_typescript\\my-app\\src\\reportWebVitals.ts": {"path":"C:\\react\\product_form_redux_typescript\\my-app\\src\\reportWebVitals.ts","statementMap":{"0":{"start":{"line":3,"column":24},"end":{"line":13,"column":1}},"1":{"start":{"line":4,"column":2},"end":{"line":12,"column":3}},"2":{"start":{"line":5,"column":4},"end":{"line":11,"column":7}},"3":{"start":{"line":6,"column":6},"end":{"line":6,"column":26}},"4":{"start":{"line":7,"column":6},"end":{"line":7,"column":26}},"5":{"start":{"line":8,"column":6},"end":{"line":8,"column":26}},"6":{"start":{"line":9,"column":6},"end":{"line":9,"column":26}},"7":{"start":{"line":10,"column":6},"end":{"line":10,"column":27}}},"fnMap":{"0":{"name":"(anonymous_0)","decl":{"start":{"line":3,"column":24},"end":{"line":3,"column":25}},"loc":{"start":{"line":3,"column":57},"end":{"line":13,"column":1}},"line":3},"1":{"name":"(anonymous_1)","decl":{"start":{"line":5,"column":30},"end":{"line":5,"column":31}},"loc":{"start":{"line":5,"column":79},"end":{"line":11,"column":5}},"line":5}},"branchMap":{"0":{"loc":{"start":{"line":4,"column":2},"end":{"line":12,"column":3}},"type":"if","locations":[{"start":{"line":4,"column":2},"end":{"line":12,"column":3}},{"start":{"line":4,"column":2},"end":{"line":12,"column":3}}],"line":4},"1":{"loc":{"start":{"line":4,"column":6},"end":{"line":4,"column":52}},"type":"binary-expr","locations":[{"start":{"line":4,"column":6},"end":{"line":4,"column":17}},{"start":{"line":4,"column":21},"end":{"line":4,"column":52}}],"line":4}},"s":{"0":0,"1":0,"2":0,"3":0,"4":0,"5":0,"6":0,"7":0},"f":{"0":0,"1":0},"b":{"0":[0,0],"1":[0,0]}}
,"C:\\react\\product_form_redux_typescript\\my-app\\src\\components\\Table.jsx": {"path":"C:\\react\\product_form_redux_typescript\\my-app\\src\\components\\Table.jsx","statementMap":{"0":{"start":{"line":31,"column":31},"end":{"line":31,"column":43}},"1":{"start":{"line":36,"column":4},"end":{"line":36,"column":36}},"2":{"start":{"line":38,"column":28},"end":{"line":38,"column":40}},"3":{"start":{"line":40,"column":4},"end":{"line":40,"column":54}},"4":{"start":{"line":41,"column":34},"end":{"line":41,"column":46}},"5":{"start":{"line":62,"column":23},"end":{"line":93,"column":5}},"6":{"start":{"line":63,"column":8},"end":{"line":63,"column":27}},"7":{"start":{"line":64,"column":8},"end":{"line":92,"column":9}},"8":{"start":{"line":69,"column":20},"end":{"line":69,"column":47}},"9":{"start":{"line":70,"column":20},"end":{"line":70,"column":50}},"10":{"start":{"line":71,"column":20},"end":{"line":71,"column":41}},"11":{"start":{"line":73,"column":16},"end":{"line":73,"column":22}},"12":{"start":{"line":78,"column":16},"end":{"line":78,"column":41}},"13":{"start":{"line":79,"column":16},"end":{"line":79,"column":46}},"14":{"start":{"line":80,"column":16},"end":{"line":80,"column":35}},"15":{"start":{"line":81,"column":16},"end":{"line":81,"column":22}},"16":{"start":{"line":85,"column":16},"end":{"line":85,"column":43}},"17":{"start":{"line":86,"column":16},"end":{"line":86,"column":54}},"18":{"start":{"line":87,"column":16},"end":{"line":87,"column":37}},"19":{"start":{"line":88,"column":16},"end":{"line":88,"column":22}},"20":{"start":{"line":94,"column":4},"end":{"line":111,"column":5}},"21":{"start":{"line":106,"column":75},"end":{"line":106,"column":94}},"22":{"start":{"line":107,"column":73},"end":{"line":107,"column":89}}},"fnMap":{"0":{"name":"Table","decl":{"start":{"line":29,"column":9},"end":{"line":29,"column":14}},"loc":{"start":{"line":29,"column":17},"end":{"line":112,"column":1}},"line":29},"1":{"name":"(anonymous_1)","decl":{"start":{"line":62,"column":23},"end":{"line":62,"column":24}},"loc":{"start":{"line":62,"column":34},"end":{"line":93,"column":5}},"line":62},"2":{"name":"(anonymous_2)","decl":{"start":{"line":106,"column":71},"end":{"line":106,"column":72}},"loc":{"start":{"line":106,"column":75},"end":{"line":106,"column":94}},"line":106},"3":{"name":"(anonymous_3)","decl":{"start":{"line":107,"column":69},"end":{"line":107,"column":70}},"loc":{"start":{"line":107,"column":73},"end":{"line":107,"column":89}},"line":107}},"branchMap":{"0":{"loc":{"start":{"line":64,"column":8},"end":{"line":92,"column":9}},"type":"switch","locations":[{"start":{"line":65,"column":12},"end":{"line":73,"column":22}},{"start":{"line":75,"column":12},"end":{"line":81,"column":22}},{"start":{"line":83,"column":12},"end":{"line":88,"column":22}}],"line":64}},"s":{"0":0,"1":0,"2":0,"3":0,"4":0,"5":0,"6":0,"7":0,"8":0,"9":0,"10":0,"11":0,"12":0,"13":0,"14":0,"15":0,"16":0,"17":0,"18":0,"19":0,"20":0,"21":0,"22":0},"f":{"0":0,"1":0,"2":0,"3":0},"b":{"0":[0,0,0]}}
,"C:\\react\\product_form_redux_typescript\\my-app\\src\\components\\action_creator.tsx": {"path":"C:\\react\\product_form_redux_typescript\\my-app\\src\\components\\action_creator.tsx","statementMap":{"0":{"start":{"line":9,"column":16},"end":{"line":9,"column":39}},"1":{"start":{"line":13,"column":22},"end":{"line":26,"column":1}},"2":{"start":{"line":14,"column":4},"end":{"line":14,"column":38}},"3":{"start":{"line":15,"column":4},"end":{"line":25,"column":11}},"4":{"start":{"line":18,"column":8},"end":{"line":22,"column":9}},"5":{"start":{"line":20,"column":12},"end":{"line":20,"column":53}},"6":{"start":{"line":21,"column":12},"end":{"line":21,"column":33}},"7":{"start":{"line":24,"column":12},"end":{"line":24,"column":30}},"8":{"start":{"line":28,"column":31},"end":{"line":56,"column":1}},"9":{"start":{"line":28,"column":51},"end":{"line":56,"column":1}},"10":{"start":{"line":29,"column":4},"end":{"line":55,"column":6}},"11":{"start":{"line":31,"column":12},"end":{"line":34,"column":15}},"12":{"start":{"line":35,"column":12},"end":{"line":35,"column":63}},"13":{"start":{"line":37,"column":12},"end":{"line":37,"column":37}},"14":{"start":{"line":41,"column":16},"end":{"line":45,"column":32}},"15":{"start":{"line":46,"column":12},"end":{"line":46,"column":32}},"16":{"start":{"line":48,"column":12},"end":{"line":50,"column":15}},"17":{"start":{"line":53,"column":12},"end":{"line":53,"column":36}},"18":{"start":{"line":60,"column":30},"end":{"line":73,"column":1}},"19":{"start":{"line":61,"column":4},"end":{"line":61,"column":42}},"20":{"start":{"line":62,"column":4},"end":{"line":72,"column":11}},"21":{"start":{"line":65,"column":8},"end":{"line":69,"column":9}},"22":{"start":{"line":67,"column":12},"end":{"line":67,"column":48}},"23":{"start":{"line":68,"column":12},"end":{"line":68,"column":28}},"24":{"start":{"line":71,"column":12},"end":{"line":71,"column":30}},"25":{"start":{"line":76,"column":35},"end":{"line":103,"column":1}},"26":{"start":{"line":76,"column":41},"end":{"line":103,"column":1}},"27":{"start":{"line":77,"column":4},"end":{"line":102,"column":6}},"28":{"start":{"line":79,"column":12},"end":{"line":82,"column":15}},"29":{"start":{"line":83,"column":12},"end":{"line":83,"column":62}},"30":{"start":{"line":85,"column":12},"end":{"line":85,"column":37}},"31":{"start":{"line":89,"column":16},"end":{"line":92,"column":32}},"32":{"start":{"line":93,"column":12},"end":{"line":93,"column":32}},"33":{"start":{"line":95,"column":12},"end":{"line":97,"column":15}},"34":{"start":{"line":100,"column":12},"end":{"line":100,"column":36}}},"fnMap":{"0":{"name":"(anonymous_0)","decl":{"start":{"line":13,"column":22},"end":{"line":13,"column":23}},"loc":{"start":{"line":13,"column":42},"end":{"line":26,"column":1}},"line":13},"1":{"name":"(anonymous_1)","decl":{"start":{"line":17,"column":14},"end":{"line":17,"column":15}},"loc":{"start":{"line":17,"column":28},"end":{"line":23,"column":9}},"line":17},"2":{"name":"(anonymous_2)","decl":{"start":{"line":23,"column":17},"end":{"line":23,"column":18}},"loc":{"start":{"line":23,"column":26},"end":{"line":25,"column":9}},"line":23},"3":{"name":"(anonymous_3)","decl":{"start":{"line":28,"column":31},"end":{"line":28,"column":32}},"loc":{"start":{"line":28,"column":51},"end":{"line":56,"column":1}},"line":28},"4":{"name":"(anonymous_4)","decl":{"start":{"line":28,"column":51},"end":{"line":28,"column":52}},"loc":{"start":{"line":28,"column":69},"end":{"line":56,"column":1}},"line":28},"5":{"name":"(anonymous_5)","decl":{"start":{"line":30,"column":8},"end":{"line":30,"column":9}},"loc":{"start":{"line":30,"column":26},"end":{"line":38,"column":9}},"line":30},"6":{"name":"(anonymous_6)","decl":{"start":{"line":39,"column":8},"end":{"line":39,"column":9}},"loc":{"start":{"line":39,"column":19},"end":{"line":54,"column":9}},"line":39},"7":{"name":"(anonymous_7)","decl":{"start":{"line":60,"column":30},"end":{"line":60,"column":31}},"loc":{"start":{"line":60,"column":36},"end":{"line":73,"column":1}},"line":60},"8":{"name":"(anonymous_8)","decl":{"start":{"line":64,"column":14},"end":{"line":64,"column":15}},"loc":{"start":{"line":64,"column":28},"end":{"line":70,"column":9}},"line":64},"9":{"name":"(anonymous_9)","decl":{"start":{"line":70,"column":17},"end":{"line":70,"column":18}},"loc":{"start":{"line":70,"column":26},"end":{"line":72,"column":9}},"line":70},"10":{"name":"(anonymous_10)","decl":{"start":{"line":76,"column":35},"end":{"line":76,"column":36}},"loc":{"start":{"line":76,"column":41},"end":{"line":103,"column":1}},"line":76},"11":{"name":"(anonymous_11)","decl":{"start":{"line":76,"column":41},"end":{"line":76,"column":42}},"loc":{"start":{"line":76,"column":59},"end":{"line":103,"column":1}},"line":76},"12":{"name":"(anonymous_12)","decl":{"start":{"line":78,"column":8},"end":{"line":78,"column":9}},"loc":{"start":{"line":78,"column":25},"end":{"line":86,"column":9}},"line":78},"13":{"name":"(anonymous_13)","decl":{"start":{"line":87,"column":8},"end":{"line":87,"column":9}},"loc":{"start":{"line":87,"column":19},"end":{"line":101,"column":9}},"line":87}},"branchMap":{"0":{"loc":{"start":{"line":18,"column":8},"end":{"line":22,"column":9}},"type":"if","locations":[{"start":{"line":18,"column":8},"end":{"line":22,"column":9}},{"start":{"line":18,"column":8},"end":{"line":22,"column":9}}],"line":18},"1":{"loc":{"start":{"line":41,"column":16},"end":{"line":45,"column":32}},"type":"binary-expr","locations":[{"start":{"line":41,"column":17},"end":{"line":41,"column":31}},{"start":{"line":42,"column":16},"end":{"line":42,"column":35}},{"start":{"line":43,"column":16},"end":{"line":43,"column":43}},{"start":{"line":44,"column":16},"end":{"line":44,"column":29}},{"start":{"line":45,"column":16},"end":{"line":45,"column":32}}],"line":41},"2":{"loc":{"start":{"line":65,"column":8},"end":{"line":69,"column":9}},"type":"if","locations":[{"start":{"line":65,"column":8},"end":{"line":69,"column":9}},{"start":{"line":65,"column":8},"end":{"line":69,"column":9}}],"line":65},"3":{"loc":{"start":{"line":89,"column":16},"end":{"line":92,"column":32}},"type":"binary-expr","locations":[{"start":{"line":89,"column":17},"end":{"line":89,"column":31}},{"start":{"line":90,"column":16},"end":{"line":90,"column":35}},{"start":{"line":91,"column":16},"end":{"line":91,"column":29}},{"start":{"line":92,"column":16},"end":{"line":92,"column":32}}],"line":89}},"s":{"0":0,"1":0,"2":0,"3":0,"4":0,"5":0,"6":0,"7":0,"8":0,"9":0,"10":0,"11":0,"12":0,"13":0,"14":0,"15":0,"16":0,"17":0,"18":0,"19":0,"20":0,"21":0,"22":0,"23":0,"24":0,"25":0,"26":0,"27":0,"28":0,"29":0,"30":0,"31":0,"32":0,"33":0,"34":0},"f":{"0":0,"1":0,"2":0,"3":0,"4":0,"5":0,"6":0,"7":0,"8":0,"9":0,"10":0,"11":0,"12":0,"13":0},"b":{"0":[0,0],"1":[0,0,0,0,0],"2":[0,0],"3":[0,0,0,0]}}
,"C:\\react\\product_form_redux_typescript\\my-app\\src\\components\\productForm1.tsx": {"path":"C:\\react\\product_form_redux_typescript\\my-app\\src\\components\\productForm1.tsx","statementMap":{"0":{"start":{"line":15,"column":37},"end":{"line":15,"column":48}},"1":{"start":{"line":16,"column":41},"end":{"line":16,"column":53}},"2":{"start":{"line":17,"column":43},"end":{"line":17,"column":54}},"3":{"start":{"line":18,"column":43},"end":{"line":18,"column":54}},"4":{"start":{"line":19,"column":31},"end":{"line":19,"column":42}},"5":{"start":{"line":21,"column":20},"end":{"line":21,"column":32}},"6":{"start":{"line":28,"column":29},"end":{"line":32,"column":9}},"7":{"start":{"line":29,"column":12},"end":{"line":31,"column":13}},"8":{"start":{"line":33,"column":31},"end":{"line":37,"column":9}},"9":{"start":{"line":34,"column":12},"end":{"line":36,"column":13}},"10":{"start":{"line":38,"column":32},"end":{"line":42,"column":9}},"11":{"start":{"line":39,"column":12},"end":{"line":41,"column":13}},"12":{"start":{"line":43,"column":32},"end":{"line":47,"column":9}},"13":{"start":{"line":44,"column":12},"end":{"line":46,"column":13}},"14":{"start":{"line":48,"column":26},"end":{"line":52,"column":9}},"15":{"start":{"line":49,"column":12},"end":{"line":51,"column":13}},"16":{"start":{"line":53,"column":25},"end":{"line":82,"column":9}},"17":{"start":{"line":54,"column":12},"end":{"line":54,"column":41}},"18":{"start":{"line":55,"column":12},"end":{"line":55,"column":35}},"19":{"start":{"line":56,"column":26},"end":{"line":63,"column":13}},"20":{"start":{"line":64,"column":12},"end":{"line":64,"column":36}},"21":{"start":{"line":65,"column":12},"end":{"line":65,"column":38}},"22":{"start":{"line":66,"column":12},"end":{"line":66,"column":39}},"23":{"start":{"line":67,"column":12},"end":{"line":67,"column":39}},"24":{"start":{"line":69,"column":12},"end":{"line":69,"column":33}},"25":{"start":{"line":83,"column":24},"end":{"line":89,"column":5}},"26":{"start":{"line":84,"column":8},"end":{"line":84,"column":43}},"27":{"start":{"line":85,"column":8},"end":{"line":85,"column":31}},"28":{"start":{"line":87,"column":8},"end":{"line":87,"column":51}},"29":{"start":{"line":87,"column":23},"end":{"line":87,"column":45}},"30":{"start":{"line":92,"column":4},"end":{"line":117,"column":9}}},"fnMap":{"0":{"name":"FunctionForm","decl":{"start":{"line":14,"column":9},"end":{"line":14,"column":21}},"loc":{"start":{"line":14,"column":24},"end":{"line":118,"column":1}},"line":14},"1":{"name":"(anonymous_1)","decl":{"start":{"line":28,"column":29},"end":{"line":28,"column":30}},"loc":{"start":{"line":28,"column":43},"end":{"line":32,"column":9}},"line":28},"2":{"name":"(anonymous_2)","decl":{"start":{"line":33,"column":31},"end":{"line":33,"column":32}},"loc":{"start":{"line":33,"column":45},"end":{"line":37,"column":9}},"line":33},"3":{"name":"(anonymous_3)","decl":{"start":{"line":38,"column":32},"end":{"line":38,"column":33}},"loc":{"start":{"line":38,"column":46},"end":{"line":42,"column":9}},"line":38},"4":{"name":"(anonymous_4)","decl":{"start":{"line":43,"column":32},"end":{"line":43,"column":33}},"loc":{"start":{"line":43,"column":46},"end":{"line":47,"column":9}},"line":43},"5":{"name":"(anonymous_5)","decl":{"start":{"line":48,"column":26},"end":{"line":48,"column":27}},"loc":{"start":{"line":48,"column":40},"end":{"line":52,"column":9}},"line":48},"6":{"name":"(anonymous_6)","decl":{"start":{"line":53,"column":25},"end":{"line":53,"column":26}},"loc":{"start":{"line":53,"column":39},"end":{"line":82,"column":9}},"line":53},"7":{"name":"(anonymous_7)","decl":{"start":{"line":83,"column":24},"end":{"line":83,"column":25}},"loc":{"start":{"line":83,"column":37},"end":{"line":89,"column":5}},"line":83},"8":{"name":"(anonymous_8)","decl":{"start":{"line":87,"column":19},"end":{"line":87,"column":20}},"loc":{"start":{"line":87,"column":23},"end":{"line":87,"column":45}},"line":87}},"branchMap":{},"s":{"0":15,"1":15,"2":15,"3":15,"4":15,"5":15,"6":15,"7":1,"8":15,"9":1,"10":15,"11":1,"12":15,"13":1,"14":15,"15":1,"16":15,"17":0,"18":0,"19":0,"20":0,"21":0,"22":0,"23":0,"24":0,"25":15,"26":0,"27":0,"28":0,"29":0,"30":15},"f":{"0":15,"1":1,"2":1,"3":1,"4":1,"5":1,"6":0,"7":0,"8":0},"b":{},"_coverageSchema":"1a1c01bbd47fc00a2c39e90264f33305004495a9","hash":"944a62793b801fdc00bfdce37bceedcc59d72448"}
,"C:\\react\\product_form_redux_typescript\\my-app\\src\\components\\productReducer.tsx": {"path":"C:\\react\\product_form_redux_typescript\\my-app\\src\\components\\productReducer.tsx","statementMap":{"0":{"start":{"line":1,"column":27},"end":{"line":1,"column":40}},"1":{"start":{"line":2,"column":29},"end":{"line":2,"column":44}},"2":{"start":{"line":3,"column":28},"end":{"line":3,"column":42}},"3":{"start":{"line":7,"column":35},"end":{"line":7,"column":59}},"4":{"start":{"line":7,"column":40},"end":{"line":7,"column":58}},"5":{"start":{"line":8,"column":29},"end":{"line":8,"column":56}},"6":{"start":{"line":8,"column":34},"end":{"line":8,"column":55}},"7":{"start":{"line":9,"column":35},"end":{"line":9,"column":61}},"8":{"start":{"line":9,"column":40},"end":{"line":9,"column":60}},"9":{"start":{"line":11,"column":20},"end":{"line":13,"column":1}},"10":{"start":{"line":16,"column":28},"end":{"line":36,"column":1}},"11":{"start":{"line":17,"column":4},"end":{"line":34,"column":5}},"12":{"start":{"line":19,"column":12},"end":{"line":23,"column":13}},"13":{"start":{"line":25,"column":16},"end":{"line":27,"column":17}},"14":{"start":{"line":29,"column":12},"end":{"line":29,"column":44}},"15":{"start":{"line":31,"column":16},"end":{"line":33,"column":17}}},"fnMap":{"0":{"name":"(anonymous_0)","decl":{"start":{"line":7,"column":35},"end":{"line":7,"column":36}},"loc":{"start":{"line":7,"column":40},"end":{"line":7,"column":58}},"line":7},"1":{"name":"(anonymous_1)","decl":{"start":{"line":8,"column":29},"end":{"line":8,"column":30}},"loc":{"start":{"line":8,"column":34},"end":{"line":8,"column":55}},"line":8},"2":{"name":"(anonymous_2)","decl":{"start":{"line":9,"column":35},"end":{"line":9,"column":36}},"loc":{"start":{"line":9,"column":40},"end":{"line":9,"column":60}},"line":9},"3":{"name":"(anonymous_3)","decl":{"start":{"line":16,"column":28},"end":{"line":16,"column":29}},"loc":{"start":{"line":16,"column":67},"end":{"line":36,"column":1}},"line":16}},"branchMap":{"0":{"loc":{"start":{"line":16,"column":29},"end":{"line":16,"column":52}},"type":"default-arg","locations":[{"start":{"line":16,"column":39},"end":{"line":16,"column":52}}],"line":16},"1":{"loc":{"start":{"line":17,"column":4},"end":{"line":34,"column":5}},"type":"switch","locations":[{"start":{"line":18,"column":8},"end":{"line":23,"column":13}},{"start":{"line":24,"column":8},"end":{"line":27,"column":17}},{"start":{"line":28,"column":8},"end":{"line":29,"column":44}},{"start":{"line":30,"column":8},"end":{"line":33,"column":17}}],"line":17}},"s":{"0":0,"1":0,"2":0,"3":0,"4":0,"5":0,"6":0,"7":0,"8":0,"9":0,"10":0,"11":0,"12":0,"13":0,"14":0,"15":0},"f":{"0":0,"1":0,"2":0,"3":0},"b":{"0":[0],"1":[0,0,0,0]}}
,"C:\\react\\product_form_redux_typescript\\my-app\\src\\components\\reactIntl.tsx": {"path":"C:\\react\\product_form_redux_typescript\\my-app\\src\\components\\reactIntl.tsx","statementMap":{"0":{"start":{"line":7,"column":4},"end":{"line":11,"column":5}}},"fnMap":{"0":{"name":"reactIntl","decl":{"start":{"line":6,"column":9},"end":{"line":6,"column":18}},"loc":{"start":{"line":6,"column":21},"end":{"line":12,"column":1}},"line":6}},"branchMap":{},"s":{"0":0},"f":{"0":0},"b":{}}
,"C:\\react\\product_form_redux_typescript\\my-app\\src\\components\\redux_single.tsx": {"path":"C:\\react\\product_form_redux_typescript\\my-app\\src\\components\\redux_single.tsx","statementMap":{"0":{"start":{"line":8,"column":19},"end":{"line":8,"column":26}},"1":{"start":{"line":22,"column":20},"end":{"line":22,"column":33}},"2":{"start":{"line":23,"column":22},"end":{"line":23,"column":37}},"3":{"start":{"line":24,"column":21},"end":{"line":24,"column":35}},"4":{"start":{"line":28,"column":28},"end":{"line":28,"column":52}},"5":{"start":{"line":28,"column":33},"end":{"line":28,"column":51}},"6":{"start":{"line":29,"column":29},"end":{"line":29,"column":56}},"7":{"start":{"line":29,"column":34},"end":{"line":29,"column":55}},"8":{"start":{"line":30,"column":28},"end":{"line":30,"column":54}},"9":{"start":{"line":30,"column":33},"end":{"line":30,"column":53}},"10":{"start":{"line":33,"column":23},"end":{"line":45,"column":1}},"11":{"start":{"line":34,"column":4},"end":{"line":43,"column":5}},"12":{"start":{"line":36,"column":12},"end":{"line":36,"column":43}},"13":{"start":{"line":38,"column":16},"end":{"line":38,"column":38}},"14":{"start":{"line":40,"column":12},"end":{"line":40,"column":44}},"15":{"start":{"line":42,"column":12},"end":{"line":42,"column":37}},"16":{"start":{"line":47,"column":14},"end":{"line":47,"column":41}},"17":{"start":{"line":49,"column":0},"end":{"line":49,"column":53}},"18":{"start":{"line":49,"column":21},"end":{"line":49,"column":50}},"19":{"start":{"line":51,"column":0},"end":{"line":51,"column":35}}},"fnMap":{"0":{"name":"(anonymous_0)","decl":{"start":{"line":28,"column":28},"end":{"line":28,"column":29}},"loc":{"start":{"line":28,"column":33},"end":{"line":28,"column":51}},"line":28},"1":{"name":"(anonymous_1)","decl":{"start":{"line":29,"column":29},"end":{"line":29,"column":30}},"loc":{"start":{"line":29,"column":34},"end":{"line":29,"column":55}},"line":29},"2":{"name":"(anonymous_2)","decl":{"start":{"line":30,"column":28},"end":{"line":30,"column":29}},"loc":{"start":{"line":30,"column":33},"end":{"line":30,"column":53}},"line":30},"3":{"name":"(anonymous_3)","decl":{"start":{"line":33,"column":23},"end":{"line":33,"column":24}},"loc":{"start":{"line":33,"column":48},"end":{"line":45,"column":1}},"line":33},"4":{"name":"(anonymous_4)","decl":{"start":{"line":49,"column":16},"end":{"line":49,"column":17}},"loc":{"start":{"line":49,"column":20},"end":{"line":49,"column":51}},"line":49}},"branchMap":{"0":{"loc":{"start":{"line":34,"column":4},"end":{"line":43,"column":5}},"type":"switch","locations":[{"start":{"line":35,"column":8},"end":{"line":36,"column":43}},{"start":{"line":37,"column":8},"end":{"line":38,"column":38}},{"start":{"line":39,"column":8},"end":{"line":40,"column":44}},{"start":{"line":41,"column":8},"end":{"line":42,"column":37}}],"line":34}},"s":{"0":0,"1":0,"2":0,"3":0,"4":0,"5":0,"6":0,"7":0,"8":0,"9":0,"10":0,"11":0,"12":0,"13":0,"14":0,"15":0,"16":0,"17":0,"18":0,"19":0},"f":{"0":0,"1":0,"2":0,"3":0,"4":0},"b":{"0":[0,0,0,0]}}
,"C:\\react\\product_form_redux_typescript\\my-app\\src\\components\\store_redux.tsx": {"path":"C:\\react\\product_form_redux_typescript\\my-app\\src\\components\\store_redux.tsx","statementMap":{"0":{"start":{"line":6,"column":19},"end":{"line":6,"column":26}},"1":{"start":{"line":8,"column":20},"end":{"line":10,"column":4}},"2":{"start":{"line":12,"column":21},"end":{"line":15,"column":1}},"3":{"start":{"line":18,"column":0},"end":{"line":18,"column":53}},"4":{"start":{"line":18,"column":21},"end":{"line":18,"column":50}}},"fnMap":{"0":{"name":"(anonymous_0)","decl":{"start":{"line":18,"column":16},"end":{"line":18,"column":17}},"loc":{"start":{"line":18,"column":20},"end":{"line":18,"column":51}},"line":18}},"branchMap":{},"s":{"0":0,"1":0,"2":0,"3":0,"4":0},"f":{"0":0},"b":{}}
,"C:\\react\\product_form_redux_typescript\\my-app\\src\\components\\react-intl\\index.tsx": {"path":"C:\\react\\product_form_redux_typescript\\my-app\\src\\components\\react-intl\\index.tsx","statementMap":{},"fnMap":{},"branchMap":{},"s":{},"f":{},"b":{}}
,"C:\\react\\product_form_redux_typescript\\my-app\\src\\components\\react-intl\\locales.tsx": {"path":"C:\\react\\product_form_redux_typescript\\my-app\\src\\components\\react-intl\\locales.tsx","statementMap":{"0":{"start":{"line":1,"column":23},"end":{"line":5,"column":1}}},"fnMap":{},"branchMap":{},"s":{"0":0},"f":{},"b":{}}
,"C:\\react\\product_form_redux_typescript\\my-app\\src\\components\\react-intl\\provider.tsx": {"path":"C:\\react\\product_form_redux_typescript\\my-app\\src\\components\\react-intl\\provider.tsx","statementMap":{"0":{"start":{"line":15,"column":27},"end":{"line":21,"column":1}},"1":{"start":{"line":15,"column":65},"end":{"line":20,"column":23}}},"fnMap":{"0":{"name":"(anonymous_0)","decl":{"start":{"line":15,"column":27},"end":{"line":15,"column":28}},"loc":{"start":{"line":15,"column":65},"end":{"line":20,"column":23}},"line":15}},"branchMap":{"0":{"loc":{"start":{"line":15,"column":38},"end":{"line":15,"column":60}},"type":"default-arg","locations":[{"start":{"line":15,"column":45},"end":{"line":15,"column":60}}],"line":15}},"s":{"0":0,"1":0},"f":{"0":0},"b":{"0":[0]}}
,"C:\\react\\product_form_redux_typescript\\my-app\\src\\components\\react-intl\\messages\\en-US.tsx": {"path":"C:\\react\\product_form_redux_typescript\\my-app\\src\\components\\react-intl\\messages\\en-US.tsx","statementMap":{},"fnMap":{},"branchMap":{},"s":{},"f":{},"b":{}}
,"C:\\react\\product_form_redux_typescript\\my-app\\src\\components\\react-intl\\messages\\ge-de.tsx": {"path":"C:\\react\\product_form_redux_typescript\\my-app\\src\\components\\react-intl\\messages\\ge-de.tsx","statementMap":{},"fnMap":{},"branchMap":{},"s":{},"f":{},"b":{}}
,"C:\\react\\product_form_redux_typescript\\my-app\\src\\components\\react-intl\\messages\\index.tsx": {"path":"C:\\react\\product_form_redux_typescript\\my-app\\src\\components\\react-intl\\messages\\index.tsx","statementMap":{},"fnMap":{},"branchMap":{},"s":{},"f":{},"b":{}}
}
